This file contains any messages produced by compilers while
running configure, to aid debugging if configure makes a mistake.

It was created by GStreamer libav configure 1.12.4, which was
generated by GNU Autoconf 2.69.  Invocation command line was

  $ ./configure --prefix=/Users/alanng/work/cpp/kinesis-video-native-build/downloads/local CFLAGS=-I/Users/alanng/work/cpp/kinesis-video-native-build/downloads/local/include LDFLAGS=-L/Users/alanng/work/cpp/kinesis-video-native-build/downloads/local/lib

## --------- ##
## Platform. ##
## --------- ##

hostname = FNG118535
uname -m = x86_64
uname -r = 16.7.0
uname -s = Darwin
uname -v = Darwin Kernel Version 16.7.0: Fri Apr 27 17:59:46 PDT 2018; root:xnu-3789.73.13~1/RELEASE_X86_64

/usr/bin/uname -p = i386
/bin/uname -X     = unknown

/bin/arch              = unknown
/usr/bin/arch -k       = unknown
/usr/convex/getsysinfo = unknown
/usr/bin/hostinfo      = Mach kernel version:
	 Darwin Kernel Version 16.7.0: Fri Apr 27 17:59:46 PDT 2018; root:xnu-3789.73.13~1/RELEASE_X86_64
Kernel configured for up to 8 processors.
4 processors are physically available.
8 processors are logically available.
Processor type: x86_64h (Intel x86-64h Haswell)
Processors active: 0 1 2 3 4 5 6 7
Primary memory available: 16.00 gigabytes
Default processor set: 325 tasks, 1556 threads, 8 processors
Load average: 2.66, Mach factor: 5.32
/bin/machine           = unknown
/usr/bin/oslevel       = unknown
/bin/universe          = unknown

PATH: /Users/alanng/work/cpp/kinesis-video-native-build/downloads/local/bin
PATH: /usr/local/bin
PATH: /usr/bin
PATH: /bin
PATH: /usr/sbin
PATH: /sbin
PATH: /Users/alanng/.fzf/bin


## ----------- ##
## Core tests. ##
## ----------- ##

configure:2589: checking build system type
configure:2603: result: x86_64-apple-darwin16.7.0
configure:2623: checking host system type
configure:2636: result: x86_64-apple-darwin16.7.0
configure:2656: checking target system type
configure:2669: result: x86_64-apple-darwin16.7.0
configure:2715: checking for a BSD-compatible install
configure:2783: result: /usr/bin/install -c
configure:2794: checking whether build environment is sane
configure:2849: result: yes
configure:3000: checking for a thread-safe mkdir -p
configure:3039: result: ./install-sh -c -d
configure:3046: checking for gawk
configure:3076: result: no
configure:3046: checking for mawk
configure:3076: result: no
configure:3046: checking for nawk
configure:3076: result: no
configure:3046: checking for awk
configure:3062: found /usr/bin/awk
configure:3073: result: awk
configure:3084: checking whether make sets $(MAKE)
configure:3106: result: yes
configure:3135: checking whether make supports nested variables
configure:3152: result: yes
configure:3241: checking whether UID '775492631' is supported by ustar format
configure:3247: result: no
configure:3251: checking whether GID '1891653394' is supported by ustar format
configure:3257: result: no
configure:3262: checking how to create a ustar tar archive
configure:3316: tardir=conftest.dir && eval false >conftest.tar
configure:3319: $? = 1
configure:3344: result: none
configure:3406: checking nano version
configure:3412: result: 0 (release)
configure:3438: checking whether to enable maintainer-specific portions of Makefiles
configure:3447: result: yes
configure:3474: checking whether make supports nested variables
configure:3491: result: yes
configure:3561: checking how to print strings
configure:3588: result: printf
configure:3621: checking for style of include used by make
configure:3649: result: GNU
configure:3720: checking for gcc
configure:3736: found /usr/bin/gcc
configure:3747: result: gcc
configure:3976: checking for C compiler version
configure:3985: gcc --version >&5
Apple LLVM version 9.0.0 (clang-900.0.39.2)
Target: x86_64-apple-darwin16.7.0
Thread model: posix
InstalledDir: /Library/Developer/CommandLineTools/usr/bin
Configured with: --prefix=/Library/Developer/CommandLineTools/usr --with-gxx-include-dir=/usr/include/c++/4.2.1
configure:3996: $? = 0
configure:3985: gcc -v >&5
Configured with: --prefix=/Library/Developer/CommandLineTools/usr --with-gxx-include-dir=/usr/include/c++/4.2.1
Apple LLVM version 9.0.0 (clang-900.0.39.2)
Target: x86_64-apple-darwin16.7.0
Thread model: posix
InstalledDir: /Library/Developer/CommandLineTools/usr/bin
configure:3996: $? = 0
configure:3985: gcc -V >&5
clang: error: argument to '-V' is missing (expected 1 value)
clang: error: no input files
configure:3996: $? = 1
configure:3985: gcc -qversion >&5
clang: error: unknown argument: '-qversion'
clang: error: no input files
configure:3996: $? = 1
configure:4016: checking whether the C compiler works
configure:4038: gcc -I/Users/alanng/work/cpp/kinesis-video-native-build/downloads/local/include -I/Users/alanng/work/cpp/kinesis-video-native-build/downloads/local/include -L/Users/alanng/work/cpp/kinesis-video-native-build/downloads/local/lib conftest.c  >&5
configure:4042: $? = 0
configure:4090: result: yes
configure:4093: checking for C compiler default output file name
configure:4095: result: a.out
configure:4101: checking for suffix of executables
configure:4108: gcc -o conftest -I/Users/alanng/work/cpp/kinesis-video-native-build/downloads/local/include -I/Users/alanng/work/cpp/kinesis-video-native-build/downloads/local/include -L/Users/alanng/work/cpp/kinesis-video-native-build/downloads/local/lib conftest.c  >&5
configure:4112: $? = 0
configure:4134: result: 
configure:4156: checking whether we are cross compiling
configure:4164: gcc -o conftest -I/Users/alanng/work/cpp/kinesis-video-native-build/downloads/local/include -I/Users/alanng/work/cpp/kinesis-video-native-build/downloads/local/include -L/Users/alanng/work/cpp/kinesis-video-native-build/downloads/local/lib conftest.c  >&5
configure:4168: $? = 0
configure:4175: ./conftest
configure:4179: $? = 0
configure:4194: result: no
configure:4199: checking for suffix of object files
configure:4221: gcc -c -I/Users/alanng/work/cpp/kinesis-video-native-build/downloads/local/include -I/Users/alanng/work/cpp/kinesis-video-native-build/downloads/local/include conftest.c >&5
configure:4225: $? = 0
configure:4246: result: o
configure:4250: checking whether we are using the GNU C compiler
configure:4269: gcc -c -I/Users/alanng/work/cpp/kinesis-video-native-build/downloads/local/include -I/Users/alanng/work/cpp/kinesis-video-native-build/downloads/local/include conftest.c >&5
configure:4269: $? = 0
configure:4278: result: yes
configure:4287: checking whether gcc accepts -g
configure:4307: gcc -c -g -I/Users/alanng/work/cpp/kinesis-video-native-build/downloads/local/include conftest.c >&5
configure:4307: $? = 0
configure:4348: result: yes
configure:4365: checking for gcc option to accept ISO C89
configure:4428: gcc  -c -I/Users/alanng/work/cpp/kinesis-video-native-build/downloads/local/include -I/Users/alanng/work/cpp/kinesis-video-native-build/downloads/local/include conftest.c >&5
configure:4428: $? = 0
configure:4441: result: none needed
configure:4466: checking whether gcc understands -c and -o together
configure:4488: gcc -c conftest.c -o conftest2.o
configure:4491: $? = 0
configure:4488: gcc -c conftest.c -o conftest2.o
configure:4491: $? = 0
configure:4503: result: yes
configure:4522: checking dependency style of gcc
configure:4633: result: gcc3
configure:4648: checking for a sed that does not truncate output
configure:4712: result: /usr/bin/sed
configure:4730: checking for grep that handles long lines and -e
configure:4788: result: /usr/bin/grep
configure:4793: checking for egrep
configure:4855: result: /usr/bin/grep -E
configure:4860: checking for fgrep
configure:4922: result: /usr/bin/grep -F
configure:4957: checking for ld used by gcc
configure:5024: result: /Library/Developer/CommandLineTools/usr/bin/ld
configure:5031: checking if the linker (/Library/Developer/CommandLineTools/usr/bin/ld) is GNU ld
configure:5046: result: no
configure:5058: checking for BSD- or MS-compatible name lister (nm)
configure:5112: result: /usr/bin/nm -B
configure:5242: checking the name lister (/usr/bin/nm -B) interface
configure:5249: gcc -c -I/Users/alanng/work/cpp/kinesis-video-native-build/downloads/local/include -I/Users/alanng/work/cpp/kinesis-video-native-build/downloads/local/include conftest.c >&5
configure:5252: /usr/bin/nm -B "conftest.o"
configure:5255: output
0000000000000000 S _some_variable
configure:5262: result: BSD nm
configure:5265: checking whether ln -s works
configure:5269: result: yes
configure:5277: checking the maximum length of command line arguments
configure:5408: result: 196608
configure:5456: checking how to convert x86_64-apple-darwin16.7.0 file names to x86_64-apple-darwin16.7.0 format
configure:5496: result: func_convert_file_noop
configure:5503: checking how to convert x86_64-apple-darwin16.7.0 file names to toolchain format
configure:5523: result: func_convert_file_noop
configure:5530: checking for /Library/Developer/CommandLineTools/usr/bin/ld option to reload object files
configure:5537: result: -r
configure:5611: checking for objdump
configure:5627: found /usr/bin/objdump
configure:5638: result: objdump
configure:5667: checking how to recognize dependent libraries
configure:5867: result: pass_all
configure:5952: checking for dlltool
configure:5982: result: no
configure:6009: checking how to associate runtime and link libraries
configure:6036: result: printf %s\n
configure:6097: checking for ar
configure:6113: found /usr/bin/ar
configure:6124: result: ar
configure:6161: checking for archiver @FILE support
configure:6178: gcc -c -I/Users/alanng/work/cpp/kinesis-video-native-build/downloads/local/include -I/Users/alanng/work/cpp/kinesis-video-native-build/downloads/local/include conftest.c >&5
configure:6178: $? = 0
configure:6181: ar cru libconftest.a @conftest.lst >&5
ar: @conftest.lst: No such file or directory
configure:6184: $? = 1
configure:6204: result: no
configure:6262: checking for strip
configure:6278: found /usr/bin/strip
configure:6289: result: strip
configure:6361: checking for ranlib
configure:6377: found /usr/bin/ranlib
configure:6388: result: ranlib
configure:6490: checking command to parse /usr/bin/nm -B output from gcc object
configure:6643: gcc -c -I/Users/alanng/work/cpp/kinesis-video-native-build/downloads/local/include -I/Users/alanng/work/cpp/kinesis-video-native-build/downloads/local/include conftest.c >&5
configure:6646: $? = 0
configure:6650: /usr/bin/nm -B conftest.o \| sed -n -e 's/^.*[ ]\([BCDEGRST][BCDEGRST]*\)[ ][ ]*\([_A-Za-z][_A-Za-z0-9]*\)$/\1 \2 \2/p' | sed '/ __gnu_lto/d' \> conftest.nm
configure:6653: $? = 0
cannot find nm_test_var in conftest.nm
configure:6643: gcc -c -I/Users/alanng/work/cpp/kinesis-video-native-build/downloads/local/include -I/Users/alanng/work/cpp/kinesis-video-native-build/downloads/local/include conftest.c >&5
configure:6646: $? = 0
configure:6650: /usr/bin/nm -B conftest.o \| sed -n -e 's/^.*[ ]\([BCDEGRST][BCDEGRST]*\)[ ][ ]*_\([_A-Za-z][_A-Za-z0-9]*\)$/\1 _\2 \2/p' | sed '/ __gnu_lto/d' \> conftest.nm
configure:6653: $? = 0
configure:6719: gcc -o conftest -I/Users/alanng/work/cpp/kinesis-video-native-build/downloads/local/include -I/Users/alanng/work/cpp/kinesis-video-native-build/downloads/local/include -L/Users/alanng/work/cpp/kinesis-video-native-build/downloads/local/lib conftest.c conftstm.o >&5
configure:6722: $? = 0
configure:6760: result: ok
configure:6807: checking for sysroot
configure:6837: result: no
configure:6844: checking for a working dd
configure:6882: result: /bin/dd
configure:6886: checking how to truncate binary pipes
configure:6901: result: /bin/dd bs=4096 count=1
configure:7230: checking for mt
configure:7260: result: no
configure:7280: checking if : is a manifest tool
configure:7286: : '-?'
configure:7294: result: no
configure:7350: checking for dsymutil
configure:7366: found /usr/bin/dsymutil
configure:7377: result: dsymutil
configure:7442: checking for nmedit
configure:7458: found /usr/bin/nmedit
configure:7469: result: nmedit
configure:7534: checking for lipo
configure:7550: found /usr/bin/lipo
configure:7561: result: lipo
configure:7626: checking for otool
configure:7642: found /usr/bin/otool
configure:7653: result: otool
configure:7718: checking for otool64
configure:7748: result: no
configure:7793: checking for -single_module linker flag
gcc -I/Users/alanng/work/cpp/kinesis-video-native-build/downloads/local/include -L/Users/alanng/work/cpp/kinesis-video-native-build/downloads/local/lib -o libconftest.dylib -dynamiclib -Wl,-single_module conftest.c
configure:7826: result: yes
configure:7829: checking for -exported_symbols_list linker flag
configure:7849: gcc -o conftest -I/Users/alanng/work/cpp/kinesis-video-native-build/downloads/local/include -I/Users/alanng/work/cpp/kinesis-video-native-build/downloads/local/include -L/Users/alanng/work/cpp/kinesis-video-native-build/downloads/local/lib -Wl,-exported_symbols_list,conftest.sym conftest.c  >&5
configure:7849: $? = 0
configure:7859: result: yes
configure:7862: checking for -force_load linker flag
gcc -I/Users/alanng/work/cpp/kinesis-video-native-build/downloads/local/include -c -o conftest.o conftest.c
ar cru libconftest.a conftest.o
ranlib libconftest.a
gcc -I/Users/alanng/work/cpp/kinesis-video-native-build/downloads/local/include -L/Users/alanng/work/cpp/kinesis-video-native-build/downloads/local/lib -o conftest conftest.c -Wl,-force_load,./libconftest.a
configure:7894: result: yes
configure:7971: checking how to run the C preprocessor
configure:8002: gcc -E -I/Users/alanng/work/cpp/kinesis-video-native-build/downloads/local/include conftest.c
configure:8002: $? = 0
configure:8016: gcc -E -I/Users/alanng/work/cpp/kinesis-video-native-build/downloads/local/include conftest.c
conftest.c:11:10: fatal error: 'ac_nonexistent.h' file not found
#include <ac_nonexistent.h>
         ^~~~~~~~~~~~~~~~~~
1 error generated.
configure:8016: $? = 1
configure: failed program was:
| /* confdefs.h */
| #define PACKAGE_NAME "GStreamer libav"
| #define PACKAGE_TARNAME "gst-libav"
| #define PACKAGE_VERSION "1.12.4"
| #define PACKAGE_STRING "GStreamer libav 1.12.4"
| #define PACKAGE_BUGREPORT "http://bugzilla.gnome.org/enter_bug.cgi?product=GStreamer"
| #define PACKAGE_URL ""
| #define PACKAGE "gst-libav"
| #define VERSION "1.12.4"
| /* end confdefs.h.  */
| #include <ac_nonexistent.h>
configure:8041: result: gcc -E
configure:8061: gcc -E -I/Users/alanng/work/cpp/kinesis-video-native-build/downloads/local/include conftest.c
configure:8061: $? = 0
configure:8075: gcc -E -I/Users/alanng/work/cpp/kinesis-video-native-build/downloads/local/include conftest.c
conftest.c:11:10: fatal error: 'ac_nonexistent.h' file not found
#include <ac_nonexistent.h>
         ^~~~~~~~~~~~~~~~~~
1 error generated.
configure:8075: $? = 1
configure: failed program was:
| /* confdefs.h */
| #define PACKAGE_NAME "GStreamer libav"
| #define PACKAGE_TARNAME "gst-libav"
| #define PACKAGE_VERSION "1.12.4"
| #define PACKAGE_STRING "GStreamer libav 1.12.4"
| #define PACKAGE_BUGREPORT "http://bugzilla.gnome.org/enter_bug.cgi?product=GStreamer"
| #define PACKAGE_URL ""
| #define PACKAGE "gst-libav"
| #define VERSION "1.12.4"
| /* end confdefs.h.  */
| #include <ac_nonexistent.h>
configure:8104: checking for ANSI C header files
configure:8124: gcc -c -I/Users/alanng/work/cpp/kinesis-video-native-build/downloads/local/include -I/Users/alanng/work/cpp/kinesis-video-native-build/downloads/local/include conftest.c >&5
configure:8124: $? = 0
configure:8197: gcc -o conftest -I/Users/alanng/work/cpp/kinesis-video-native-build/downloads/local/include -I/Users/alanng/work/cpp/kinesis-video-native-build/downloads/local/include -L/Users/alanng/work/cpp/kinesis-video-native-build/downloads/local/lib conftest.c  >&5
configure:8197: $? = 0
configure:8197: ./conftest
configure:8197: $? = 0
configure:8208: result: yes
configure:8221: checking for sys/types.h
configure:8221: gcc -c -I/Users/alanng/work/cpp/kinesis-video-native-build/downloads/local/include -I/Users/alanng/work/cpp/kinesis-video-native-build/downloads/local/include conftest.c >&5
configure:8221: $? = 0
configure:8221: result: yes
configure:8221: checking for sys/stat.h
configure:8221: gcc -c -I/Users/alanng/work/cpp/kinesis-video-native-build/downloads/local/include -I/Users/alanng/work/cpp/kinesis-video-native-build/downloads/local/include conftest.c >&5
configure:8221: $? = 0
configure:8221: result: yes
configure:8221: checking for stdlib.h
configure:8221: gcc -c -I/Users/alanng/work/cpp/kinesis-video-native-build/downloads/local/include -I/Users/alanng/work/cpp/kinesis-video-native-build/downloads/local/include conftest.c >&5
configure:8221: $? = 0
configure:8221: result: yes
configure:8221: checking for string.h
configure:8221: gcc -c -I/Users/alanng/work/cpp/kinesis-video-native-build/downloads/local/include -I/Users/alanng/work/cpp/kinesis-video-native-build/downloads/local/include conftest.c >&5
configure:8221: $? = 0
configure:8221: result: yes
configure:8221: checking for memory.h
configure:8221: gcc -c -I/Users/alanng/work/cpp/kinesis-video-native-build/downloads/local/include -I/Users/alanng/work/cpp/kinesis-video-native-build/downloads/local/include conftest.c >&5
configure:8221: $? = 0
configure:8221: result: yes
configure:8221: checking for strings.h
configure:8221: gcc -c -I/Users/alanng/work/cpp/kinesis-video-native-build/downloads/local/include -I/Users/alanng/work/cpp/kinesis-video-native-build/downloads/local/include conftest.c >&5
configure:8221: $? = 0
configure:8221: result: yes
configure:8221: checking for inttypes.h
configure:8221: gcc -c -I/Users/alanng/work/cpp/kinesis-video-native-build/downloads/local/include -I/Users/alanng/work/cpp/kinesis-video-native-build/downloads/local/include conftest.c >&5
configure:8221: $? = 0
configure:8221: result: yes
configure:8221: checking for stdint.h
configure:8221: gcc -c -I/Users/alanng/work/cpp/kinesis-video-native-build/downloads/local/include -I/Users/alanng/work/cpp/kinesis-video-native-build/downloads/local/include conftest.c >&5
configure:8221: $? = 0
configure:8221: result: yes
configure:8221: checking for unistd.h
configure:8221: gcc -c -I/Users/alanng/work/cpp/kinesis-video-native-build/downloads/local/include -I/Users/alanng/work/cpp/kinesis-video-native-build/downloads/local/include conftest.c >&5
configure:8221: $? = 0
configure:8221: result: yes
configure:8235: checking for dlfcn.h
configure:8235: gcc -c -I/Users/alanng/work/cpp/kinesis-video-native-build/downloads/local/include -I/Users/alanng/work/cpp/kinesis-video-native-build/downloads/local/include conftest.c >&5
configure:8235: $? = 0
configure:8235: result: yes
configure:8805: checking for objdir
configure:8820: result: .libs
configure:9084: checking if gcc supports -fno-rtti -fno-exceptions
configure:9102: gcc -c -I/Users/alanng/work/cpp/kinesis-video-native-build/downloads/local/include -I/Users/alanng/work/cpp/kinesis-video-native-build/downloads/local/include -fno-rtti -fno-exceptions conftest.c >&5
configure:9106: $? = 0
configure:9119: result: yes
configure:9477: checking for gcc option to produce PIC
configure:9484: result: -fno-common -DPIC
configure:9492: checking if gcc PIC flag -fno-common -DPIC works
configure:9510: gcc -c -I/Users/alanng/work/cpp/kinesis-video-native-build/downloads/local/include -I/Users/alanng/work/cpp/kinesis-video-native-build/downloads/local/include -fno-common -DPIC -DPIC conftest.c >&5
configure:9514: $? = 0
configure:9527: result: yes
configure:9556: checking if gcc static flag -static works
configure:9584: result: no
configure:9599: checking if gcc supports -c -o file.o
configure:9620: gcc -c -I/Users/alanng/work/cpp/kinesis-video-native-build/downloads/local/include -I/Users/alanng/work/cpp/kinesis-video-native-build/downloads/local/include -o out/conftest2.o conftest.c >&5
configure:9624: $? = 0
configure:9646: result: yes
configure:9654: checking if gcc supports -c -o file.o
configure:9701: result: yes
configure:9734: checking whether the gcc linker (/Library/Developer/CommandLineTools/usr/bin/ld) supports shared libraries
configure:10997: result: yes
configure:11237: checking dynamic linker characteristics
configure:12067: result: darwin16.7.0 dyld
configure:12189: checking how to hardcode library paths into programs
configure:12214: result: immediate
configure:12259: checking for dlopen in -ldl
configure:12284: gcc -o conftest -I/Users/alanng/work/cpp/kinesis-video-native-build/downloads/local/include -I/Users/alanng/work/cpp/kinesis-video-native-build/downloads/local/include -L/Users/alanng/work/cpp/kinesis-video-native-build/downloads/local/lib conftest.c -ldl   >&5
configure:12284: $? = 0
configure:12293: result: yes
configure:12516: checking whether a program can dlopen itself
configure:12596: gcc -o conftest -I/Users/alanng/work/cpp/kinesis-video-native-build/downloads/local/include -I/Users/alanng/work/cpp/kinesis-video-native-build/downloads/local/include -DHAVE_DLFCN_H -L/Users/alanng/work/cpp/kinesis-video-native-build/downloads/local/lib  conftest.c -ldl  >&5
configure:12599: $? = 0
configure:12617: result: yes
configure:12622: checking whether a statically linked program can dlopen itself
configure:12702: gcc -o conftest -I/Users/alanng/work/cpp/kinesis-video-native-build/downloads/local/include -I/Users/alanng/work/cpp/kinesis-video-native-build/downloads/local/include -DHAVE_DLFCN_H -L/Users/alanng/work/cpp/kinesis-video-native-build/downloads/local/lib   conftest.c -ldl  >&5
configure:12705: $? = 0
configure:12723: result: yes
configure:12762: checking whether stripping libraries is possible
configure:12776: result: yes
configure:12802: checking if libtool supports shared libraries
configure:12804: result: yes
configure:12807: checking whether to build shared libraries
configure:12832: result: yes
configure:12835: checking whether to build static libraries
configure:12839: result: no
configure:12931: checking for pkg-config
configure:12949: found /usr/local/bin/pkg-config
configure:12961: result: /usr/local/bin/pkg-config
configure:12986: checking pkg-config is at least version 0.9.0
configure:12989: result: yes
configure:13017: checking for ORC
configure:13025: $PKG_CONFIG --exists --print-errors "orc-0.4 >= $ORC_REQ"
Package orc-0.4 was not found in the pkg-config search path.
Perhaps you should add the directory containing `orc-0.4.pc'
to the PKG_CONFIG_PATH environment variable
No package 'orc-0.4' found
configure:13028: $? = 1
configure:13043: $PKG_CONFIG --exists --print-errors "orc-0.4 >= $ORC_REQ"
Package orc-0.4 was not found in the pkg-config search path.
Perhaps you should add the directory containing `orc-0.4.pc'
to the PKG_CONFIG_PATH environment variable
No package 'orc-0.4' found
configure:13046: $? = 1
No package 'orc-0.4' found
configure:13074: result: no
configure:13313: Using GStreamer libav source release as package name
configure:13337: Using Unknown package origin as package origin
configure:13692: checking whether byte ordering is bigendian
configure:13707: gcc -c -I/Users/alanng/work/cpp/kinesis-video-native-build/downloads/local/include -I/Users/alanng/work/cpp/kinesis-video-native-build/downloads/local/include conftest.c >&5
configure:13707: $? = 0
configure:13752: gcc -c -I/Users/alanng/work/cpp/kinesis-video-native-build/downloads/local/include -I/Users/alanng/work/cpp/kinesis-video-native-build/downloads/local/include conftest.c >&5
configure:13752: $? = 0
configure:13770: gcc -c -I/Users/alanng/work/cpp/kinesis-video-native-build/downloads/local/include -I/Users/alanng/work/cpp/kinesis-video-native-build/downloads/local/include conftest.c >&5
conftest.c:34:4: error: use of undeclared identifier 'not'
                 not big endian
                 ^
1 error generated.
configure:13770: $? = 1
configure: failed program was:
| /* confdefs.h */
| #define PACKAGE_NAME "GStreamer libav"
| #define PACKAGE_TARNAME "gst-libav"
| #define PACKAGE_VERSION "1.12.4"
| #define PACKAGE_STRING "GStreamer libav 1.12.4"
| #define PACKAGE_BUGREPORT "http://bugzilla.gnome.org/enter_bug.cgi?product=GStreamer"
| #define PACKAGE_URL ""
| #define PACKAGE "gst-libav"
| #define VERSION "1.12.4"
| #define STDC_HEADERS 1
| #define HAVE_SYS_TYPES_H 1
| #define HAVE_SYS_STAT_H 1
| #define HAVE_STDLIB_H 1
| #define HAVE_STRING_H 1
| #define HAVE_MEMORY_H 1
| #define HAVE_STRINGS_H 1
| #define HAVE_INTTYPES_H 1
| #define HAVE_STDINT_H 1
| #define HAVE_UNISTD_H 1
| #define HAVE_DLFCN_H 1
| #define LT_OBJDIR ".libs/"
| #define DISABLE_ORC 1
| #define GST_PACKAGE_NAME "GStreamer libav source release"
| #define GST_PACKAGE_ORIGIN "Unknown package origin"
| #define HAVE_CPU_X86_64 1
| /* end confdefs.h.  */
| #include <sys/types.h>
| 		#include <sys/param.h>
| 
| int
| main ()
| {
| #if BYTE_ORDER != BIG_ENDIAN
| 		 not big endian
| 		#endif
| 
|   ;
|   return 0;
| }
configure:13898: result: no
configure:14099: checking for gcc
configure:14126: result: gcc
configure:14355: checking for C compiler version
configure:14364: gcc --version >&5
Apple LLVM version 9.0.0 (clang-900.0.39.2)
Target: x86_64-apple-darwin16.7.0
Thread model: posix
InstalledDir: /Library/Developer/CommandLineTools/usr/bin
Configured with: --prefix=/Library/Developer/CommandLineTools/usr --with-gxx-include-dir=/usr/include/c++/4.2.1
configure:14375: $? = 0
configure:14364: gcc -v >&5
Configured with: --prefix=/Library/Developer/CommandLineTools/usr --with-gxx-include-dir=/usr/include/c++/4.2.1
Apple LLVM version 9.0.0 (clang-900.0.39.2)
Target: x86_64-apple-darwin16.7.0
Thread model: posix
InstalledDir: /Library/Developer/CommandLineTools/usr/bin
configure:14375: $? = 0
configure:14364: gcc -V >&5
clang: error: argument to '-V' is missing (expected 1 value)
clang: error: no input files
configure:14375: $? = 1
configure:14364: gcc -qversion >&5
clang: error: unknown argument: '-qversion'
clang: error: no input files
configure:14375: $? = 1
configure:14379: checking whether we are using the GNU C compiler
configure:14407: result: yes
configure:14416: checking whether gcc accepts -g
configure:14477: result: yes
configure:14494: checking for gcc option to accept ISO C89
configure:14570: result: none needed
configure:14595: checking whether gcc understands -c and -o together
configure:14632: result: yes
configure:14651: checking dependency style of gcc
configure:14762: result: gcc3
configure:14781: checking for gcc option to accept ISO C99
configure:14930: gcc  -c -I/Users/alanng/work/cpp/kinesis-video-native-build/downloads/local/include -I/Users/alanng/work/cpp/kinesis-video-native-build/downloads/local/include conftest.c >&5
configure:14930: $? = 0
configure:14943: result: none needed
configure:15051: checking for gcc option to accept ISO Standard C
configure:15062: result: none needed
configure:15074: checking for valgrind
configure:15105: result: no
configure:15127: checking for gtkdoc-check
configure:15160: result: no
configure:15169: checking for gtkdoc-rebase
configure:15202: result: no
configure:15213: checking for gtkdoc-mkpdf
configure:15246: result: no
configure:15447: checking whether to build gtk-doc documentation
configure:15449: result: no
configure:15517: checking for python
configure:15535: found /usr/bin/python
configure:15547: result: /usr/bin/python
configure:15568: checking for python version
configure:15575: result: 2.7
configure:15587: checking for python platform
configure:15594: result: darwin
configure:15620: checking for python script directory
configure:15655: result: ${prefix}/lib/python2.7/site-packages
configure:15664: checking for python extension module directory
configure:15699: result: ${exec_prefix}/lib/python2.7/site-packages
configure:15715: checking whether to build plugin documentation
configure:15727: result: no (gtk-doc disabled or not available)
configure:16059: checking whether gcc is Clang
configure:16084: result: yes
configure:16131: checking whether Clang needs flag to prevent "argument unused" warning when linking with -pthread
configure:16156: gcc -o conftest -Werror -Wunknown-warning-option  -pthread -I/Users/alanng/work/cpp/kinesis-video-native-build/downloads/local/include -I/Users/alanng/work/cpp/kinesis-video-native-build/downloads/local/include -L/Users/alanng/work/cpp/kinesis-video-native-build/downloads/local/lib conftest.c  >&5
configure:16156: $? = 0
configure:16162: (gcc -c -Werror -Wunknown-warning-option  -pthread -I/Users/alanng/work/cpp/kinesis-video-native-build/downloads/local/include -I/Users/alanng/work/cpp/kinesis-video-native-build/downloads/local/include conftest.c >&5) && (echo ==== >&5) && (gcc -o conftest -Werror -Wunknown-warning-option  -pthread -I/Users/alanng/work/cpp/kinesis-video-native-build/downloads/local/include -I/Users/alanng/work/cpp/kinesis-video-native-build/downloads/local/include -L/Users/alanng/work/cpp/kinesis-video-native-build/downloads/local/lib conftest.o  >&5)
====
clang: error: argument unused during compilation: '-pthread' [-Werror,-Wunused-command-line-argument]
configure:16162: $? = 1
configure: failed program was:
| /* confdefs.h */
| #define PACKAGE_NAME "GStreamer libav"
| #define PACKAGE_TARNAME "gst-libav"
| #define PACKAGE_VERSION "1.12.4"
| #define PACKAGE_STRING "GStreamer libav 1.12.4"
| #define PACKAGE_BUGREPORT "http://bugzilla.gnome.org/enter_bug.cgi?product=GStreamer"
| #define PACKAGE_URL ""
| #define PACKAGE "gst-libav"
| #define VERSION "1.12.4"
| #define STDC_HEADERS 1
| #define HAVE_SYS_TYPES_H 1
| #define HAVE_SYS_STAT_H 1
| #define HAVE_STDLIB_H 1
| #define HAVE_STRING_H 1
| #define HAVE_MEMORY_H 1
| #define HAVE_STRINGS_H 1
| #define HAVE_INTTYPES_H 1
| #define HAVE_STDINT_H 1
| #define HAVE_UNISTD_H 1
| #define HAVE_DLFCN_H 1
| #define LT_OBJDIR ".libs/"
| #define DISABLE_ORC 1
| #define GST_PACKAGE_NAME "GStreamer libav source release"
| #define GST_PACKAGE_ORIGIN "Unknown package origin"
| #define HAVE_CPU_X86_64 1
| #define HOST_CPU "x86_64"
| #define TARGET_CPU "x86_64"
| /* end confdefs.h.  */
| int main(void){return 0;}
configure:16156: gcc -o conftest -Werror -Wunknown-warning-option -Qunused-arguments -pthread -I/Users/alanng/work/cpp/kinesis-video-native-build/downloads/local/include -I/Users/alanng/work/cpp/kinesis-video-native-build/downloads/local/include -L/Users/alanng/work/cpp/kinesis-video-native-build/downloads/local/lib conftest.c  >&5
configure:16156: $? = 0
configure:16162: (gcc -c -Werror -Wunknown-warning-option -Qunused-arguments -pthread -I/Users/alanng/work/cpp/kinesis-video-native-build/downloads/local/include -I/Users/alanng/work/cpp/kinesis-video-native-build/downloads/local/include conftest.c >&5) && (echo ==== >&5) && (gcc -o conftest -Werror -Wunknown-warning-option -Qunused-arguments -pthread -I/Users/alanng/work/cpp/kinesis-video-native-build/downloads/local/include -I/Users/alanng/work/cpp/kinesis-video-native-build/downloads/local/include -L/Users/alanng/work/cpp/kinesis-video-native-build/downloads/local/lib conftest.o  >&5)
====
configure:16162: $? = 0
configure:16180: result: -Qunused-arguments
configure:16329: checking for joinable pthread attribute
configure:16347: gcc -o conftest -I/Users/alanng/work/cpp/kinesis-video-native-build/downloads/local/include -Qunused-arguments -pthread -I/Users/alanng/work/cpp/kinesis-video-native-build/downloads/local/include -L/Users/alanng/work/cpp/kinesis-video-native-build/downloads/local/lib conftest.c   >&5
configure:16347: $? = 0
configure:16355: result: PTHREAD_CREATE_JOINABLE
configure:16369: checking whether more special flags are required for pthreads
configure:16382: result: no
configure:16390: checking for PTHREAD_PRIO_INHERIT
configure:16406: gcc -o conftest -I/Users/alanng/work/cpp/kinesis-video-native-build/downloads/local/include -Qunused-arguments -pthread -I/Users/alanng/work/cpp/kinesis-video-native-build/downloads/local/include -L/Users/alanng/work/cpp/kinesis-video-native-build/downloads/local/lib conftest.c   >&5
configure:16406: $? = 0
configure:16415: result: yes
configure:16519: checking for ANSI C header files
configure:16623: result: yes
configure:16655: checking for GLIB
configure:16681: $PKG_CONFIG --exists --print-errors "$which"
configure:16684: $? = 0
configure:16736: result: yes
configure:16787: checking for glib-genmarshal
configure:16795: result: glib-genmarshal (from pkg-config path)
configure:16849: checking for glib-mkenums
configure:16856: result: glib-mkenums
configure:16869: checking for GIO
configure:16877: $PKG_CONFIG --exists --print-errors "gio-2.0 >= $GLIB_REQ"
configure:16880: $? = 0
configure:16895: $PKG_CONFIG --exists --print-errors "gio-2.0 >= $GLIB_REQ"
configure:16898: $? = 0
configure:16953: result: yes
configure:16993: checking for GST
configure:17001: $PKG_CONFIG --exists --print-errors "$module >= $minver"
configure:17004: $? = 0
configure:17019: $PKG_CONFIG --exists --print-errors "$module >= $minver"
configure:17022: $? = 0
configure:17078: result: yes
configure:17092: using GStreamer tools in /Users/alanng/work/cpp/kinesis-video-native-build/downloads/local/bin
configure:17102: using GStreamer plug-ins in /Users/alanng/work/cpp/kinesis-video-native-build/downloads/local/lib/gstreamer-1.0
configure:17114: checking for GST_BASE
configure:17122: $PKG_CONFIG --exists --print-errors "$module >= $minver"
configure:17125: $? = 0
configure:17140: $PKG_CONFIG --exists --print-errors "$module >= $minver"
configure:17143: $? = 0
configure:17199: result: yes
configure:17216: checking for GST_PLUGINS_BASE
configure:17224: $PKG_CONFIG --exists --print-errors "$module >= $minver"
configure:17227: $? = 0
configure:17242: $PKG_CONFIG --exists --print-errors "$module >= $minver"
configure:17245: $? = 0
configure:17301: result: yes
configure:17317: using GStreamer Base Plugins in /Users/alanng/work/cpp/kinesis-video-native-build/downloads/local/lib/gstreamer-1.0
configure:17332: checking for GST_CHECK
configure:17340: $PKG_CONFIG --exists --print-errors "$module >= $minver"
configure:17343: $? = 0
configure:17358: $PKG_CONFIG --exists --print-errors "$module >= $minver"
configure:17361: $? = 0
configure:17417: result: yes
configure:17435: Using GStreamer Core Plugins in /Users/alanng/work/cpp/kinesis-video-native-build/downloads/local/lib/gstreamer-1.0
configure:17437: Using GStreamer Base Plugins in /Users/alanng/work/cpp/kinesis-video-native-build/downloads/local/lib/gstreamer-1.0
configure:17445: checking for -Bsymbolic-functions linker flag
configure:17460: gcc -o conftest -I/Users/alanng/work/cpp/kinesis-video-native-build/downloads/local/include -I/Users/alanng/work/cpp/kinesis-video-native-build/downloads/local/include -Wl,-Bsymbolic-functions conftest.c  >&5
ld: unknown option: -Bsymbolic-functions
clang: error: linker command failed with exit code 1 (use -v to see invocation)
configure:17460: $? = 1
configure: failed program was:
| /* confdefs.h */
| #define PACKAGE_NAME "GStreamer libav"
| #define PACKAGE_TARNAME "gst-libav"
| #define PACKAGE_VERSION "1.12.4"
| #define PACKAGE_STRING "GStreamer libav 1.12.4"
| #define PACKAGE_BUGREPORT "http://bugzilla.gnome.org/enter_bug.cgi?product=GStreamer"
| #define PACKAGE_URL ""
| #define PACKAGE "gst-libav"
| #define VERSION "1.12.4"
| #define STDC_HEADERS 1
| #define HAVE_SYS_TYPES_H 1
| #define HAVE_SYS_STAT_H 1
| #define HAVE_STDLIB_H 1
| #define HAVE_STRING_H 1
| #define HAVE_MEMORY_H 1
| #define HAVE_STRINGS_H 1
| #define HAVE_INTTYPES_H 1
| #define HAVE_STDINT_H 1
| #define HAVE_UNISTD_H 1
| #define HAVE_DLFCN_H 1
| #define LT_OBJDIR ".libs/"
| #define DISABLE_ORC 1
| #define GST_PACKAGE_NAME "GStreamer libav source release"
| #define GST_PACKAGE_ORIGIN "Unknown package origin"
| #define HAVE_CPU_X86_64 1
| #define HOST_CPU "x86_64"
| #define TARGET_CPU "x86_64"
| #define HAVE_PTHREAD_PRIO_INHERIT 1
| #define HAVE_PTHREAD 1
| #define STDC_HEADERS 1
| #define GIO_MODULE_DIR "/Users/alanng/work/cpp/kinesis-video-native-build/downloads/local/lib/gio/modules"
| #define GIO_LIBDIR "/Users/alanng/work/cpp/kinesis-video-native-build/downloads/local/lib"
| #define GIO_PREFIX "/Users/alanng/work/cpp/kinesis-video-native-build/downloads/local"
| /* end confdefs.h.  */
| 
| int
| main ()
| {
| return 0
|   ;
|   return 0;
| }
configure:17465: result: no
configure:17510: Using /Users/alanng/work/cpp/kinesis-video-native-build/downloads/local/lib/gstreamer-1.0 as the plugin install location
configure:17517: checking whether to build static plugins or not
configure:17533: result: no
configure:17561: checking to see if compiler understands -Wall
configure:17578: gcc -c -I/Users/alanng/work/cpp/kinesis-video-native-build/downloads/local/include -Wall -I/Users/alanng/work/cpp/kinesis-video-native-build/downloads/local/include conftest.c >&5
configure:17578: $? = 0
configure:17593: result: yes
configure:17598: checking to see if compiler understands -Wdeclaration-after-statement
configure:17615: gcc -c -I/Users/alanng/work/cpp/kinesis-video-native-build/downloads/local/include -Wdeclaration-after-statement -I/Users/alanng/work/cpp/kinesis-video-native-build/downloads/local/include conftest.c >&5
configure:17615: $? = 0
configure:17630: result: yes
configure:17635: checking to see if compiler understands -Wvla
configure:17652: gcc -c -I/Users/alanng/work/cpp/kinesis-video-native-build/downloads/local/include -Wvla -I/Users/alanng/work/cpp/kinesis-video-native-build/downloads/local/include conftest.c >&5
configure:17652: $? = 0
configure:17667: result: yes
configure:17672: checking to see if compiler understands -Wpointer-arith
configure:17689: gcc -c -I/Users/alanng/work/cpp/kinesis-video-native-build/downloads/local/include -Wpointer-arith -I/Users/alanng/work/cpp/kinesis-video-native-build/downloads/local/include conftest.c >&5
configure:17689: $? = 0
configure:17704: result: yes
configure:17763: checking to see if compiler understands -Wmissing-declarations
configure:17780: gcc -c -I/Users/alanng/work/cpp/kinesis-video-native-build/downloads/local/include -Wmissing-declarations -I/Users/alanng/work/cpp/kinesis-video-native-build/downloads/local/include conftest.c >&5
configure:17780: $? = 0
configure:17795: result: yes
configure:17763: checking to see if compiler understands -Wmissing-prototypes
configure:17780: gcc -c -I/Users/alanng/work/cpp/kinesis-video-native-build/downloads/local/include -Wmissing-prototypes -I/Users/alanng/work/cpp/kinesis-video-native-build/downloads/local/include conftest.c >&5
configure:17780: $? = 0
configure:17795: result: yes
configure:17763: checking to see if compiler understands -Wredundant-decls
configure:17780: gcc -c -I/Users/alanng/work/cpp/kinesis-video-native-build/downloads/local/include -Wredundant-decls -I/Users/alanng/work/cpp/kinesis-video-native-build/downloads/local/include conftest.c >&5
configure:17780: $? = 0
configure:17795: result: yes
configure:17763: checking to see if compiler understands -Wundef
configure:17780: gcc -c -I/Users/alanng/work/cpp/kinesis-video-native-build/downloads/local/include -Wundef -I/Users/alanng/work/cpp/kinesis-video-native-build/downloads/local/include conftest.c >&5
configure:17780: $? = 0
configure:17795: result: yes
configure:17763: checking to see if compiler understands -Wwrite-strings
configure:17780: gcc -c -I/Users/alanng/work/cpp/kinesis-video-native-build/downloads/local/include -Wwrite-strings -I/Users/alanng/work/cpp/kinesis-video-native-build/downloads/local/include conftest.c >&5
configure:17780: $? = 0
configure:17795: result: yes
configure:17763: checking to see if compiler understands -Wformat-nonliteral
configure:17780: gcc -c -I/Users/alanng/work/cpp/kinesis-video-native-build/downloads/local/include -Wformat-nonliteral -I/Users/alanng/work/cpp/kinesis-video-native-build/downloads/local/include conftest.c >&5
configure:17780: $? = 0
configure:17795: result: yes
configure:17763: checking to see if compiler understands -Wformat-security
configure:17780: gcc -c -I/Users/alanng/work/cpp/kinesis-video-native-build/downloads/local/include -Wformat-security -I/Users/alanng/work/cpp/kinesis-video-native-build/downloads/local/include conftest.c >&5
configure:17780: $? = 0
configure:17795: result: yes
configure:17763: checking to see if compiler understands -Wold-style-definition
configure:17780: gcc -c -I/Users/alanng/work/cpp/kinesis-video-native-build/downloads/local/include -Wold-style-definition -I/Users/alanng/work/cpp/kinesis-video-native-build/downloads/local/include conftest.c >&5
configure:17780: $? = 0
configure:17795: result: yes
configure:17763: checking to see if compiler understands -Winit-self
configure:17780: gcc -c -I/Users/alanng/work/cpp/kinesis-video-native-build/downloads/local/include -Winit-self -I/Users/alanng/work/cpp/kinesis-video-native-build/downloads/local/include conftest.c >&5
configure:17780: $? = 0
configure:17795: result: yes
configure:17763: checking to see if compiler understands -Wmissing-include-dirs
configure:17780: gcc -c -I/Users/alanng/work/cpp/kinesis-video-native-build/downloads/local/include -Wmissing-include-dirs -I/Users/alanng/work/cpp/kinesis-video-native-build/downloads/local/include conftest.c >&5
configure:17780: $? = 0
configure:17795: result: yes
configure:17763: checking to see if compiler understands -Waddress
configure:17780: gcc -c -I/Users/alanng/work/cpp/kinesis-video-native-build/downloads/local/include -Waddress -I/Users/alanng/work/cpp/kinesis-video-native-build/downloads/local/include conftest.c >&5
configure:17780: $? = 0
configure:17795: result: yes
configure:17763: checking to see if compiler understands -Waggregate-return
configure:17780: gcc -c -I/Users/alanng/work/cpp/kinesis-video-native-build/downloads/local/include -Waggregate-return -I/Users/alanng/work/cpp/kinesis-video-native-build/downloads/local/include conftest.c >&5
configure:17780: $? = 0
configure:17795: result: yes
configure:17763: checking to see if compiler understands -Wno-multichar
configure:17780: gcc -c -I/Users/alanng/work/cpp/kinesis-video-native-build/downloads/local/include -Wno-multichar -I/Users/alanng/work/cpp/kinesis-video-native-build/downloads/local/include conftest.c >&5
configure:17780: $? = 0
configure:17795: result: yes
configure:17763: checking to see if compiler understands -Wnested-externs
configure:17780: gcc -c -I/Users/alanng/work/cpp/kinesis-video-native-build/downloads/local/include -Wnested-externs -I/Users/alanng/work/cpp/kinesis-video-native-build/downloads/local/include conftest.c >&5
configure:17780: $? = 0
configure:17795: result: yes
configure:17807: set WARNING_CFLAGS to  -Wall -Wdeclaration-after-statement -Wvla -Wpointer-arith -Wmissing-declarations -Wmissing-prototypes -Wredundant-decls -Wundef -Wwrite-strings -Wformat-nonliteral -Wformat-security -Wold-style-definition -Winit-self -Wmissing-include-dirs -Waddress -Waggregate-return -Wno-multichar -Wnested-externs
configure:17809: set ERROR_CFLAGS to 
configure:18137: Using local Libav snapshot
configure:18142: checking for BZ2_bzlibVersion in -lbz2
configure:18155: gcc -o conftest -I/Users/alanng/work/cpp/kinesis-video-native-build/downloads/local/include -I/Users/alanng/work/cpp/kinesis-video-native-build/downloads/local/include -L/Users/alanng/work/cpp/kinesis-video-native-build/downloads/local/lib conftest.c  -lbz2 >&5
configure:18155: $? = 0
configure:18162: result: yes
configure:18172: checking for lzma_version_string in -llzma
configure:18185: gcc -o conftest -I/Users/alanng/work/cpp/kinesis-video-native-build/downloads/local/include -I/Users/alanng/work/cpp/kinesis-video-native-build/downloads/local/include -L/Users/alanng/work/cpp/kinesis-video-native-build/downloads/local/lib conftest.c  -llzma >&5
configure:18185: $? = 0
configure:18192: result: yes
configure:18334: Using included Libav code
configure:18489: checking that generated files are newer than configure
configure:18495: result: done
configure:18647: creating ./config.status

## ---------------------- ##
## Running config.status. ##
## ---------------------- ##

This file was extended by GStreamer libav config.status 1.12.4, which was
generated by GNU Autoconf 2.69.  Invocation command line was

  CONFIG_FILES    = 
  CONFIG_HEADERS  = 
  CONFIG_LINKS    = 
  CONFIG_COMMANDS = 
  $ ./config.status 

on FNG118535

config.status:1296: creating Makefile
config.status:1296: creating common/Makefile
config.status:1296: creating common/m4/Makefile
config.status:1296: creating ext/Makefile
config.status:1296: creating ext/libav/Makefile
config.status:1296: creating ext/libswscale/Makefile
config.status:1296: creating gst-libs/Makefile
config.status:1296: creating gst-libs/ext/Makefile
config.status:1296: creating docs/Makefile
config.status:1296: creating docs/plugins/Makefile
config.status:1296: creating docs/version.entities
config.status:1296: creating tests/Makefile
config.status:1296: creating tests/check/Makefile
config.status:1296: creating tests/files/Makefile
config.status:1296: creating pkgconfig/Makefile
config.status:1296: creating pkgconfig/gstreamer-plugins-libav-uninstalled.pc
config.status:1296: creating config.h
config.status:1525: executing depfiles commands
config.status:1525: executing libtool commands
config.status:1525: executing configure-embedded-libav commands

## ---------------- ##
## Cache variables. ##
## ---------------- ##

ac_cv_build=x86_64-apple-darwin16.7.0
ac_cv_c_bigendian=no
ac_cv_c_compiler_gnu=yes
ac_cv_env_CC_set=
ac_cv_env_CC_value=
ac_cv_env_CFLAGS_set=set
ac_cv_env_CFLAGS_value=-I/Users/alanng/work/cpp/kinesis-video-native-build/downloads/local/include
ac_cv_env_CPPFLAGS_set=set
ac_cv_env_CPPFLAGS_value=-I/Users/alanng/work/cpp/kinesis-video-native-build/downloads/local/include
ac_cv_env_CPP_set=
ac_cv_env_CPP_value=
ac_cv_env_GIO_CFLAGS_set=
ac_cv_env_GIO_CFLAGS_value=
ac_cv_env_GIO_LIBS_set=
ac_cv_env_GIO_LIBS_value=
ac_cv_env_GLIB_CFLAGS_set=set
ac_cv_env_GLIB_CFLAGS_value='-I/Users/alanng/work/cpp/kinesis-video-native-build/downloads/local/include/glib-2.0 -I/Users/alanng/work/cpp/kinesis-video-native-build/downloads/local/include/glib-2.0/glib -I/Users/alanng/work/cpp/kinesis-video-native-build/downloads/local/lib/glib-2.0/include'
ac_cv_env_GLIB_LIBS_set=
ac_cv_env_GLIB_LIBS_value=
ac_cv_env_GST_BASE_CFLAGS_set=
ac_cv_env_GST_BASE_CFLAGS_value=
ac_cv_env_GST_BASE_LIBS_set=
ac_cv_env_GST_BASE_LIBS_value=
ac_cv_env_GST_CFLAGS_set=
ac_cv_env_GST_CFLAGS_value=
ac_cv_env_GST_CHECK_CFLAGS_set=
ac_cv_env_GST_CHECK_CFLAGS_value=
ac_cv_env_GST_CHECK_LIBS_set=
ac_cv_env_GST_CHECK_LIBS_value=
ac_cv_env_GST_LIBS_set=
ac_cv_env_GST_LIBS_value=
ac_cv_env_GST_PLUGINS_BASE_CFLAGS_set=
ac_cv_env_GST_PLUGINS_BASE_CFLAGS_value=
ac_cv_env_GST_PLUGINS_BASE_LIBS_set=
ac_cv_env_GST_PLUGINS_BASE_LIBS_value=
ac_cv_env_GTKDOC_DEPS_CFLAGS_set=
ac_cv_env_GTKDOC_DEPS_CFLAGS_value=
ac_cv_env_GTKDOC_DEPS_LIBS_set=
ac_cv_env_GTKDOC_DEPS_LIBS_value=
ac_cv_env_LDFLAGS_set=set
ac_cv_env_LDFLAGS_value=-L/Users/alanng/work/cpp/kinesis-video-native-build/downloads/local/lib
ac_cv_env_LIBAV_CFLAGS_set=
ac_cv_env_LIBAV_CFLAGS_value=
ac_cv_env_LIBAV_LIBS_set=
ac_cv_env_LIBAV_LIBS_value=
ac_cv_env_LIBS_set=
ac_cv_env_LIBS_value=
ac_cv_env_LT_SYS_LIBRARY_PATH_set=
ac_cv_env_LT_SYS_LIBRARY_PATH_value=
ac_cv_env_ORC_CFLAGS_set=
ac_cv_env_ORC_CFLAGS_value=
ac_cv_env_ORC_LIBS_set=
ac_cv_env_ORC_LIBS_value=
ac_cv_env_PKG_CONFIG_set=
ac_cv_env_PKG_CONFIG_value=
ac_cv_env_PYTHON_set=
ac_cv_env_PYTHON_value=
ac_cv_env_SWSCALE_CFLAGS_set=
ac_cv_env_SWSCALE_CFLAGS_value=
ac_cv_env_SWSCALE_LIBS_set=
ac_cv_env_SWSCALE_LIBS_value=
ac_cv_env_VALGRIND_CFLAGS_set=
ac_cv_env_VALGRIND_CFLAGS_value=
ac_cv_env_VALGRIND_LIBS_set=
ac_cv_env_VALGRIND_LIBS_value=
ac_cv_env_build_alias_set=
ac_cv_env_build_alias_value=
ac_cv_env_host_alias_set=
ac_cv_env_host_alias_value=
ac_cv_env_target_alias_set=
ac_cv_env_target_alias_value=
ac_cv_header_dlfcn_h=yes
ac_cv_header_inttypes_h=yes
ac_cv_header_memory_h=yes
ac_cv_header_stdc=yes
ac_cv_header_stdint_h=yes
ac_cv_header_stdlib_h=yes
ac_cv_header_string_h=yes
ac_cv_header_strings_h=yes
ac_cv_header_sys_stat_h=yes
ac_cv_header_sys_types_h=yes
ac_cv_header_unistd_h=yes
ac_cv_host=x86_64-apple-darwin16.7.0
ac_cv_lib_dl_dlopen=yes
ac_cv_objext=o
ac_cv_path_EGREP='/usr/bin/grep -E'
ac_cv_path_FGREP='/usr/bin/grep -F'
ac_cv_path_GREP=/usr/bin/grep
ac_cv_path_PYTHON=/usr/bin/python
ac_cv_path_SED=/usr/bin/sed
ac_cv_path_VALGRIND_PATH=no
ac_cv_path_ac_pt_PKG_CONFIG=/usr/local/bin/pkg-config
ac_cv_path_install='/usr/bin/install -c'
ac_cv_path_lt_DD=/bin/dd
ac_cv_prog_AWK=awk
ac_cv_prog_CPP='gcc -E'
ac_cv_prog_ac_ct_AR=ar
ac_cv_prog_ac_ct_CC=gcc
ac_cv_prog_ac_ct_DSYMUTIL=dsymutil
ac_cv_prog_ac_ct_LIPO=lipo
ac_cv_prog_ac_ct_NMEDIT=nmedit
ac_cv_prog_ac_ct_OBJDUMP=objdump
ac_cv_prog_ac_ct_OTOOL=otool
ac_cv_prog_ac_ct_RANLIB=ranlib
ac_cv_prog_ac_ct_STRIP=strip
ac_cv_prog_cc_c89=
ac_cv_prog_cc_c99=
ac_cv_prog_cc_g=yes
ac_cv_prog_cc_stdc=
ac_cv_prog_make_make_set=yes
ac_cv_target=x86_64-apple-darwin16.7.0
am_cv_CC_dependencies_compiler_type=gcc3
am_cv_make_support_nested_variables=yes
am_cv_prog_cc_c_o=yes
am_cv_prog_tar_ustar=none
am_cv_python_platform=darwin
am_cv_python_pyexecdir='${exec_prefix}/lib/python2.7/site-packages'
am_cv_python_pythondir='${prefix}/lib/python2.7/site-packages'
am_cv_python_version=2.7
ax_cv_PTHREAD_CLANG=yes
ax_cv_PTHREAD_CLANG_NO_WARN_FLAG=-Qunused-arguments
ax_cv_PTHREAD_JOINABLE_ATTR=PTHREAD_CREATE_JOINABLE
ax_cv_PTHREAD_PRIO_INHERIT=yes
ax_cv_PTHREAD_SPECIAL_FLAGS=no
lt_cv_apple_cc_single_mod=yes
lt_cv_ar_at_file=no
lt_cv_deplibs_check_method=pass_all
lt_cv_dlopen=dlopen
lt_cv_dlopen_libs=-ldl
lt_cv_dlopen_self=yes
lt_cv_dlopen_self_static=yes
lt_cv_file_magic_cmd='$MAGIC_CMD'
lt_cv_file_magic_test_file=
lt_cv_ld_exported_symbols_list=yes
lt_cv_ld_force_load=yes
lt_cv_ld_reload_flag=-r
lt_cv_nm_interface='BSD nm'
lt_cv_objdir=.libs
lt_cv_path_LD=/Library/Developer/CommandLineTools/usr/bin/ld
lt_cv_path_NM='/usr/bin/nm -B'
lt_cv_path_mainfest_tool=no
lt_cv_prog_compiler_c_o=yes
lt_cv_prog_compiler_pic='-fno-common -DPIC'
lt_cv_prog_compiler_pic_works=yes
lt_cv_prog_compiler_rtti_exceptions=yes
lt_cv_prog_compiler_static_works=no
lt_cv_prog_gnu_ld=no
lt_cv_sharedlib_from_linklib_cmd='printf %s\n'
lt_cv_sys_global_symbol_pipe='sed -n -e '\''s/^.*[	 ]\([BCDEGRST][BCDEGRST]*\)[	 ][	 ]*_\([_A-Za-z][_A-Za-z0-9]*\)$/\1 _\2 \2/p'\'' | sed '\''/ __gnu_lto/d'\'''
lt_cv_sys_global_symbol_to_c_name_address='sed -n -e '\''s/^: \(.*\) .*$/  {"\1", (void *) 0},/p'\'' -e '\''s/^[BCDEGRST][BCDEGRST]* .* \(.*\)$/  {"\1", (void *) \&\1},/p'\'''
lt_cv_sys_global_symbol_to_c_name_address_lib_prefix='sed -n -e '\''s/^: \(.*\) .*$/  {"\1", (void *) 0},/p'\'' -e '\''s/^[BCDEGRST][BCDEGRST]* .* \(lib.*\)$/  {"\1", (void *) \&\1},/p'\'' -e '\''s/^[BCDEGRST][BCDEGRST]* .* \(.*\)$/  {"lib\1", (void *) \&\1},/p'\'''
lt_cv_sys_global_symbol_to_cdecl='sed -n -e '\''s/^T .* \(.*\)$/extern int \1();/p'\'' -e '\''s/^[BCDEGRST][BCDEGRST]* .* \(.*\)$/extern char \1;/p'\'''
lt_cv_sys_global_symbol_to_import=
lt_cv_sys_max_cmd_len=196608
lt_cv_to_host_file_cmd=func_convert_file_noop
lt_cv_to_tool_file_cmd=func_convert_file_noop
lt_cv_truncate_bin='/bin/dd bs=4096 count=1'
pkg_cv_GIO_CFLAGS='-D_REENTRANT -I/Users/alanng/work/cpp/kinesis-video-native-build/downloads/local/include/glib-2.0 -I/Users/alanng/work/cpp/kinesis-video-native-build/downloads/local/lib/glib-2.0/include'
pkg_cv_GIO_LIBS='-L/Users/alanng/work/cpp/kinesis-video-native-build/downloads/local/lib -lgio-2.0 -lgobject-2.0 -lglib-2.0 -lintl -Wl,-framework -Wl,CoreFoundation'
pkg_cv_GLIB_CFLAGS='-I/Users/alanng/work/cpp/kinesis-video-native-build/downloads/local/include/glib-2.0 -I/Users/alanng/work/cpp/kinesis-video-native-build/downloads/local/include/glib-2.0/glib -I/Users/alanng/work/cpp/kinesis-video-native-build/downloads/local/lib/glib-2.0/include'
pkg_cv_GLIB_LIBS='-L/Users/alanng/work/cpp/kinesis-video-native-build/downloads/local/lib -lgobject-2.0 -lgmodule-2.0 -lglib-2.0 -lintl -Wl,-framework -Wl,CoreFoundation'
pkg_cv_GST_BASE_CFLAGS='-D_REENTRANT -I/Users/alanng/work/cpp/kinesis-video-native-build/downloads/local/include/gstreamer-1.0 -I/Users/alanng/work/cpp/kinesis-video-native-build/downloads/local/include/glib-2.0 -I/Users/alanng/work/cpp/kinesis-video-native-build/downloads/local/lib/glib-2.0/include'
pkg_cv_GST_BASE_LIBS='-L/Users/alanng/work/cpp/kinesis-video-native-build/downloads/local/lib -lgstbase-1.0 -lgstreamer-1.0 -lgobject-2.0 -lglib-2.0 -lintl -Wl,-framework -Wl,CoreFoundation'
pkg_cv_GST_CFLAGS='-D_REENTRANT -I/Users/alanng/work/cpp/kinesis-video-native-build/downloads/local/include/gstreamer-1.0 -I/Users/alanng/work/cpp/kinesis-video-native-build/downloads/local/include/glib-2.0 -I/Users/alanng/work/cpp/kinesis-video-native-build/downloads/local/lib/glib-2.0/include'
pkg_cv_GST_CHECK_CFLAGS='-D_REENTRANT -I/Users/alanng/work/cpp/kinesis-video-native-build/downloads/local/include/gstreamer-1.0 -I/Users/alanng/work/cpp/kinesis-video-native-build/downloads/local/include/glib-2.0 -I/Users/alanng/work/cpp/kinesis-video-native-build/downloads/local/lib/glib-2.0/include'
pkg_cv_GST_CHECK_LIBS='-L/Users/alanng/work/cpp/kinesis-video-native-build/downloads/local/lib -lgstcheck-1.0 -lgstreamer-1.0 -lgobject-2.0 -lglib-2.0 -lintl -Wl,-framework -Wl,CoreFoundation'
pkg_cv_GST_LIBS='-L/Users/alanng/work/cpp/kinesis-video-native-build/downloads/local/lib -lgstreamer-1.0 -lgobject-2.0 -lglib-2.0 -lintl -Wl,-framework -Wl,CoreFoundation'
pkg_cv_GST_PLUGINS_BASE_CFLAGS='-D_REENTRANT -I/Users/alanng/work/cpp/kinesis-video-native-build/downloads/local/include/gstreamer-1.0 -I/Users/alanng/work/cpp/kinesis-video-native-build/downloads/local/include/glib-2.0 -I/Users/alanng/work/cpp/kinesis-video-native-build/downloads/local/lib/glib-2.0/include'
pkg_cv_GST_PLUGINS_BASE_LIBS='-L/Users/alanng/work/cpp/kinesis-video-native-build/downloads/local/lib -lgstreamer-1.0 -lgobject-2.0 -lglib-2.0 -lintl -Wl,-framework -Wl,CoreFoundation'

## ----------------- ##
## Output variables. ##
## ----------------- ##

ACLOCAL='${SHELL} /Users/alanng/work/cpp/kinesis-video-native-build/downloads/gst-libav-1.12.4/missing aclocal-1.15'
ACLOCAL_AMFLAGS='-I m4 -I common/m4'
AMDEPBACKSLASH='\'
AMDEP_FALSE='#'
AMDEP_TRUE=''
AMTAR='$${TAR-tar}'
AM_BACKSLASH='\'
AM_DEFAULT_V='$(AM_DEFAULT_VERBOSITY)'
AM_DEFAULT_VERBOSITY='0'
AM_V='$(V)'
AR='ar'
AS='as'
AUTOCONF='${SHELL} /Users/alanng/work/cpp/kinesis-video-native-build/downloads/gst-libav-1.12.4/missing autoconf'
AUTOHEADER='${SHELL} /Users/alanng/work/cpp/kinesis-video-native-build/downloads/gst-libav-1.12.4/missing autoheader'
AUTOMAKE='${SHELL} /Users/alanng/work/cpp/kinesis-video-native-build/downloads/gst-libav-1.12.4/missing automake-1.15'
AWK='awk'
CC='gcc'
CCASFLAGS=''
CCDEPMODE='depmode=gcc3'
CFLAGS='-I/Users/alanng/work/cpp/kinesis-video-native-build/downloads/local/include'
CPP='gcc -E'
CPPFLAGS='-I/Users/alanng/work/cpp/kinesis-video-native-build/downloads/local/include'
CXXFLAGS=''
CYGPATH_W='echo'
DARWIN_LDFLAGS='-Wl,-read_only_relocs,suppress'
DEFS='-DHAVE_CONFIG_H'
DEPDIR='.deps'
DEPRECATED_CFLAGS=''
DLLTOOL='false'
DSYMUTIL='dsymutil'
DUMPBIN=''
ECHO_C='\c'
ECHO_N=''
ECHO_T=''
EGREP='/usr/bin/grep -E'
ENABLE_GTK_DOC_FALSE=''
ENABLE_GTK_DOC_TRUE='#'
ENABLE_PLUGIN_DOCS_FALSE=''
ENABLE_PLUGIN_DOCS_TRUE='#'
ERROR_CFLAGS=''
EXEEXT=''
FFLAGS=''
FGREP='/usr/bin/grep -F'
GCOV=''
GCOV_CFLAGS=''
GCOV_LIBS=''
GIO_CFLAGS='-D_REENTRANT -I/Users/alanng/work/cpp/kinesis-video-native-build/downloads/local/include/glib-2.0 -I/Users/alanng/work/cpp/kinesis-video-native-build/downloads/local/lib/glib-2.0/include'
GIO_LDFLAGS=''
GIO_LIBS='-L/Users/alanng/work/cpp/kinesis-video-native-build/downloads/local/lib -lgio-2.0 -lgobject-2.0 -lglib-2.0 -lintl -Wl,-framework -Wl,CoreFoundation'
GLIB_CFLAGS='-I/Users/alanng/work/cpp/kinesis-video-native-build/downloads/local/include/glib-2.0 -I/Users/alanng/work/cpp/kinesis-video-native-build/downloads/local/include/glib-2.0/glib -I/Users/alanng/work/cpp/kinesis-video-native-build/downloads/local/lib/glib-2.0/include'
GLIB_EXTRA_CFLAGS=' -DG_THREADS_MANDATORY -DG_DISABLE_CAST_CHECKS'
GLIB_GENMARSHAL='glib-genmarshal'
GLIB_LIBS='-L/Users/alanng/work/cpp/kinesis-video-native-build/downloads/local/lib -lgobject-2.0 -lgmodule-2.0 -lglib-2.0 -lintl -Wl,-framework -Wl,CoreFoundation'
GLIB_MKENUMS='glib-mkenums'
GLIB_REQ='2.40.0'
GREP='/usr/bin/grep'
GSTPB_PLUGINS_DIR='/Users/alanng/work/cpp/kinesis-video-native-build/downloads/local/lib/gstreamer-1.0'
GST_AGE='1204'
GST_ALL_LDFLAGS='-no-undefined'
GST_API_VERSION='1.0'
GST_BASE_CFLAGS='-D_REENTRANT -I/Users/alanng/work/cpp/kinesis-video-native-build/downloads/local/include/gstreamer-1.0 -I/Users/alanng/work/cpp/kinesis-video-native-build/downloads/local/include/glib-2.0 -I/Users/alanng/work/cpp/kinesis-video-native-build/downloads/local/lib/glib-2.0/include'
GST_BASE_LIBS='-L/Users/alanng/work/cpp/kinesis-video-native-build/downloads/local/lib -lgstbase-1.0 -lgstreamer-1.0 -lgobject-2.0 -lglib-2.0 -lintl -Wl,-framework -Wl,CoreFoundation'
GST_CFLAGS='-I$(top_srcdir)/gst-libs -I$(top_builddir)/gst-libs -D_REENTRANT -I/Users/alanng/work/cpp/kinesis-video-native-build/downloads/local/include/gstreamer-1.0 -I/Users/alanng/work/cpp/kinesis-video-native-build/downloads/local/include/glib-2.0 -I/Users/alanng/work/cpp/kinesis-video-native-build/downloads/local/lib/glib-2.0/include  -DG_THREADS_MANDATORY -DG_DISABLE_CAST_CHECKS $(GST_OPTION_CFLAGS)'
GST_CHECK_CFLAGS='-D_REENTRANT -I/Users/alanng/work/cpp/kinesis-video-native-build/downloads/local/include/gstreamer-1.0 -I/Users/alanng/work/cpp/kinesis-video-native-build/downloads/local/include/glib-2.0 -I/Users/alanng/work/cpp/kinesis-video-native-build/downloads/local/lib/glib-2.0/include'
GST_CHECK_LIBS='-L/Users/alanng/work/cpp/kinesis-video-native-build/downloads/local/lib -lgstcheck-1.0 -lgstreamer-1.0 -lgobject-2.0 -lglib-2.0 -lintl -Wl,-framework -Wl,CoreFoundation'
GST_CURRENT='1204'
GST_GCOV_ENABLED_FALSE=''
GST_GCOV_ENABLED_TRUE='#'
GST_LEVEL_DEFAULT='GST_LEVEL_NONE'
GST_LIBAV_ENABLE_GPL_FALSE=''
GST_LIBAV_ENABLE_GPL_TRUE='#'
GST_LIBS='-L/Users/alanng/work/cpp/kinesis-video-native-build/downloads/local/lib -lgstreamer-1.0 -lgobject-2.0 -lglib-2.0 -lintl -Wl,-framework -Wl,CoreFoundation'
GST_LIBVERSION='1204:0:1204'
GST_LT_LDFLAGS=' -version-info 1204:0:1204'
GST_OPTION_CFLAGS='$(WARNING_CFLAGS) $(ERROR_CFLAGS) $(DEBUG_CFLAGS) $(PROFILE_CFLAGS) $(GCOV_CFLAGS) $(OPT_CFLAGS) $(DEPRECATED_CFLAGS)'
GST_PACKAGE_NAME='GStreamer libav source release'
GST_PACKAGE_ORIGIN='Unknown package origin'
GST_PLUGINS_BASE_CFLAGS='-D_REENTRANT -I/Users/alanng/work/cpp/kinesis-video-native-build/downloads/local/include/gstreamer-1.0 -I/Users/alanng/work/cpp/kinesis-video-native-build/downloads/local/include/glib-2.0 -I/Users/alanng/work/cpp/kinesis-video-native-build/downloads/local/lib/glib-2.0/include'
GST_PLUGINS_BASE_DIR='/Users/alanng/work/cpp/kinesis-video-native-build/downloads/local/lib/gstreamer-1.0/gst:/Users/alanng/work/cpp/kinesis-video-native-build/downloads/local/lib/gstreamer-1.0/sys:/Users/alanng/work/cpp/kinesis-video-native-build/downloads/local/lib/gstreamer-1.0/ext'
GST_PLUGINS_BASE_LIBS='-L/Users/alanng/work/cpp/kinesis-video-native-build/downloads/local/lib -lgstreamer-1.0 -lgobject-2.0 -lglib-2.0 -lintl -Wl,-framework -Wl,CoreFoundation'
GST_PLUGINS_DIR='/Users/alanng/work/cpp/kinesis-video-native-build/downloads/local/lib/gstreamer-1.0'
GST_PLUGIN_BUILD_STATIC_FALSE=''
GST_PLUGIN_BUILD_STATIC_TRUE='#'
GST_PLUGIN_LDFLAGS='-module -avoid-version -export-symbols-regex '\''^_*gst_plugin_.*'\'' -no-undefined'
GST_PLUGIN_LIBTOOLFLAGS='--tag=disable-static'
GST_REVISION='0'
GST_TOOLS_DIR='/Users/alanng/work/cpp/kinesis-video-native-build/downloads/local/bin'
GTKDOC_CHECK=''
GTKDOC_DEPS_CFLAGS=''
GTKDOC_DEPS_LIBS=''
GTKDOC_MKPDF=''
GTKDOC_REBASE='true'
GTK_DOC_BUILD_HTML_FALSE='#'
GTK_DOC_BUILD_HTML_TRUE=''
GTK_DOC_BUILD_PDF_FALSE=''
GTK_DOC_BUILD_PDF_TRUE='#'
GTK_DOC_USE_LIBTOOL_FALSE='#'
GTK_DOC_USE_LIBTOOL_TRUE=''
HAVE_BZ2_FALSE='#'
HAVE_BZ2_TRUE=''
HAVE_CPU_ALPHA_FALSE=''
HAVE_CPU_ALPHA_TRUE='#'
HAVE_CPU_ARC_FALSE=''
HAVE_CPU_ARC_TRUE='#'
HAVE_CPU_ARM_FALSE=''
HAVE_CPU_ARM_TRUE='#'
HAVE_CPU_CRISV32_FALSE=''
HAVE_CPU_CRISV32_TRUE='#'
HAVE_CPU_CRIS_FALSE=''
HAVE_CPU_CRIS_TRUE='#'
HAVE_CPU_HPPA_FALSE=''
HAVE_CPU_HPPA_TRUE='#'
HAVE_CPU_I386_FALSE=''
HAVE_CPU_I386_TRUE='#'
HAVE_CPU_IA64_FALSE=''
HAVE_CPU_IA64_TRUE='#'
HAVE_CPU_M68K_FALSE=''
HAVE_CPU_M68K_TRUE='#'
HAVE_CPU_MIPS_FALSE=''
HAVE_CPU_MIPS_TRUE='#'
HAVE_CPU_PPC64_FALSE=''
HAVE_CPU_PPC64_TRUE='#'
HAVE_CPU_PPC_FALSE=''
HAVE_CPU_PPC_TRUE='#'
HAVE_CPU_S390_FALSE=''
HAVE_CPU_S390_TRUE='#'
HAVE_CPU_SPARC_FALSE=''
HAVE_CPU_SPARC_TRUE='#'
HAVE_CPU_X86_64_FALSE='#'
HAVE_CPU_X86_64_TRUE=''
HAVE_GST_CHECK_FALSE='#'
HAVE_GST_CHECK_TRUE=''
HAVE_LIBAV_UNINSTALLED_FALSE='#'
HAVE_LIBAV_UNINSTALLED_TRUE=''
HAVE_LZMA_FALSE='#'
HAVE_LZMA_TRUE=''
HAVE_ORCC_FALSE=''
HAVE_ORCC_TRUE='#'
HAVE_ORC_FALSE=''
HAVE_ORC_TRUE='#'
HAVE_VALGRIND_FALSE=''
HAVE_VALGRIND_TRUE='#'
HTML_DIR='${datadir}/gtk-doc/html'
INSTALL_DATA='${INSTALL} -m 644'
INSTALL_PROGRAM='${INSTALL}'
INSTALL_SCRIPT='${INSTALL}'
INSTALL_STRIP_PROGRAM='$(install_sh) -c -s'
LD='/Library/Developer/CommandLineTools/usr/bin/ld'
LDFLAGS='-L/Users/alanng/work/cpp/kinesis-video-native-build/downloads/local/lib'
LIBAV_CFLAGS='-I $(top_srcdir)/gst-libs/ext/libav                 -I $(top_builddir)/gst-libs/ext/libav                  -Wno-deprecated-declarations'
LIBAV_CO_DIR=''
LIBAV_DEPS='$(top_builddir)/gst-libs/ext/libav/libavformat/libavformat.a               $(top_builddir)/gst-libs/ext/libav/libavcodec/libavcodec.a               $(top_builddir)/gst-libs/ext/libav/libavfilter/libavfilter.a               $(top_builddir)/gst-libs/ext/libav/libswresample/libswresample.a               $(top_builddir)/gst-libs/ext/libav/libavutil/libavutil.a'
LIBAV_EXTERNALS_REVISION=''
LIBAV_LIBS='$(top_builddir)/gst-libs/ext/libav/libavformat/libavformat.a               $(top_builddir)/gst-libs/ext/libav/libavcodec/libavcodec.a               $(top_builddir)/gst-libs/ext/libav/libavfilter/libavfilter.a               $(top_builddir)/gst-libs/ext/libav/libswresample/libswresample.a               $(top_builddir)/gst-libs/ext/libav/libavutil/libavutil.a'
LIBAV_REVISION=''
LIBAV_SUBDIRS='gst-libs'
LIBAV_SVN=''
LIBM=''
LIBOBJS=''
LIBS=''
LIBTOOL='$(SHELL) $(top_builddir)/libtool'
LIPO='lipo'
LN_S='ln -s'
LTLIBOBJS=''
LT_SYS_LIBRARY_PATH=''
MAINT=''
MAINTAINER_MODE_FALSE='#'
MAINTAINER_MODE_TRUE=''
MAKEINFO='${SHELL} /Users/alanng/work/cpp/kinesis-video-native-build/downloads/gst-libav-1.12.4/missing makeinfo'
MANIFEST_TOOL=':'
MKDIR_P='./install-sh -c -d'
NM='/usr/bin/nm -B'
NMEDIT='nmedit'
OBJDUMP='objdump'
OBJEXT='o'
ORCC=''
ORCC_FLAGS=''
ORC_CFLAGS=''
ORC_LIBS=''
OTOOL64=':'
OTOOL='otool'
PACKAGE='gst-libav'
PACKAGE_BUGREPORT='http://bugzilla.gnome.org/enter_bug.cgi?product=GStreamer'
PACKAGE_NAME='GStreamer libav'
PACKAGE_STRING='GStreamer libav 1.12.4'
PACKAGE_TARNAME='gst-libav'
PACKAGE_URL=''
PACKAGE_VERSION='1.12.4'
PACKAGE_VERSION_MAJOR='1'
PACKAGE_VERSION_MICRO='4'
PACKAGE_VERSION_MINOR='12'
PACKAGE_VERSION_NANO='0'
PACKAGE_VERSION_RELEASE='1'
PATH_SEPARATOR=':'
PKG_CONFIG='/usr/local/bin/pkg-config'
PLUGINDIR='/Users/alanng/work/cpp/kinesis-video-native-build/downloads/local/lib/gstreamer-1.0'
PROFILE_CFLAGS=''
PTHREAD_CC='gcc'
PTHREAD_CFLAGS='-Qunused-arguments -pthread'
PTHREAD_LIBS=''
PYTHON='/usr/bin/python'
PYTHON_EXEC_PREFIX='${exec_prefix}'
PYTHON_PLATFORM='darwin'
PYTHON_PREFIX='${prefix}'
PYTHON_VERSION='2.7'
RANLIB='ranlib'
SED='/usr/bin/sed'
SET_MAKE=''
SHELL='/bin/sh'
STRIP='strip'
SWSCALE_CFLAGS='-I $(top_srcdir)/gst-libs/ext/libav                   -I $(top_builddir)/gst-libs/ext/libav                   -Wno-deprecated-declarations'
SWSCALE_DEPS='$(top_builddir)/gst-libs/ext/libav/libswscale/libswscale.a                 $(top_builddir)/gst-libs/ext/libav/libavutil/libavutil.a'
SWSCALE_LIBS='$(top_builddir)/gst-libs/ext/libav/libswscale/libswscale.a                 $(top_builddir)/gst-libs/ext/libav/libavutil/libavutil.a'
VALGRIND_CFLAGS=''
VALGRIND_LIBS=''
VALGRIND_PATH='no'
VERSION='1.12.4'
WARNING_CFLAGS=' -Wall -Wdeclaration-after-statement -Wvla -Wpointer-arith -Wmissing-declarations -Wmissing-prototypes -Wredundant-decls -Wundef -Wwrite-strings -Wformat-nonliteral -Wformat-security -Wold-style-definition -Winit-self -Wmissing-include-dirs -Waddress -Waggregate-return -Wno-multichar -Wnested-externs'
WIN32_LIBS=''
ac_ct_AR='ar'
ac_ct_CC='gcc'
ac_ct_DUMPBIN=''
am__EXEEXT_FALSE=''
am__EXEEXT_TRUE='#'
am__fastdepCC_FALSE='#'
am__fastdepCC_TRUE=''
am__include='include'
am__isrc=''
am__leading_dot='.'
am__nodep='_no'
am__quote=''
am__tar='false'
am__untar='false'
ax_pthread_config=''
bindir='${exec_prefix}/bin'
build='x86_64-apple-darwin16.7.0'
build_alias=''
build_cpu='x86_64'
build_os='darwin16.7.0'
build_vendor='apple'
datadir='${datarootdir}'
datarootdir='${prefix}/share'
docdir='${datarootdir}/doc/${PACKAGE_TARNAME}'
dvidir='${docdir}'
exec_prefix='${prefix}'
host='x86_64-apple-darwin16.7.0'
host_alias=''
host_cpu='x86_64'
host_os='darwin16.7.0'
host_vendor='apple'
htmldir='${docdir}'
includedir='${prefix}/include'
infodir='${datarootdir}/info'
install_sh='${SHELL} /Users/alanng/work/cpp/kinesis-video-native-build/downloads/gst-libav-1.12.4/install-sh'
libdir='${exec_prefix}/lib'
libexecdir='${exec_prefix}/libexec'
localedir='${datarootdir}/locale'
localstatedir='${prefix}/var'
mandir='${datarootdir}/man'
mkdir_p='$(MKDIR_P)'
oldincludedir='/usr/include'
pdfdir='${docdir}'
pkgpyexecdir='${pyexecdir}/gst-libav'
pkgpythondir='${pythondir}/gst-libav'
plugindir='$(libdir)/gstreamer-1.0'
prefix='/Users/alanng/work/cpp/kinesis-video-native-build/downloads/local'
program_transform_name='s,x,x,'
psdir='${docdir}'
pyexecdir='${exec_prefix}/lib/python2.7/site-packages'
pythondir='${prefix}/lib/python2.7/site-packages'
runstatedir='${localstatedir}/run'
sbindir='${exec_prefix}/sbin'
sharedstatedir='${prefix}/com'
sysconfdir='${prefix}/etc'
target='x86_64-apple-darwin16.7.0'
target_alias=''
target_cpu='x86_64'
target_os='darwin'
target_vendor='apple'

## ----------- ##
## confdefs.h. ##
## ----------- ##

/* confdefs.h */
#define PACKAGE_NAME "GStreamer libav"
#define PACKAGE_TARNAME "gst-libav"
#define PACKAGE_VERSION "1.12.4"
#define PACKAGE_STRING "GStreamer libav 1.12.4"
#define PACKAGE_BUGREPORT "http://bugzilla.gnome.org/enter_bug.cgi?product=GStreamer"
#define PACKAGE_URL ""
#define PACKAGE "gst-libav"
#define VERSION "1.12.4"
#define STDC_HEADERS 1
#define HAVE_SYS_TYPES_H 1
#define HAVE_SYS_STAT_H 1
#define HAVE_STDLIB_H 1
#define HAVE_STRING_H 1
#define HAVE_MEMORY_H 1
#define HAVE_STRINGS_H 1
#define HAVE_INTTYPES_H 1
#define HAVE_STDINT_H 1
#define HAVE_UNISTD_H 1
#define HAVE_DLFCN_H 1
#define LT_OBJDIR ".libs/"
#define DISABLE_ORC 1
#define GST_PACKAGE_NAME "GStreamer libav source release"
#define GST_PACKAGE_ORIGIN "Unknown package origin"
#define HAVE_CPU_X86_64 1
#define HOST_CPU "x86_64"
#define TARGET_CPU "x86_64"
#define HAVE_PTHREAD_PRIO_INHERIT 1
#define HAVE_PTHREAD 1
#define STDC_HEADERS 1
#define GIO_MODULE_DIR "/Users/alanng/work/cpp/kinesis-video-native-build/downloads/local/lib/gio/modules"
#define GIO_LIBDIR "/Users/alanng/work/cpp/kinesis-video-native-build/downloads/local/lib"
#define GIO_PREFIX "/Users/alanng/work/cpp/kinesis-video-native-build/downloads/local"
#define PLUGINDIR "/Users/alanng/work/cpp/kinesis-video-native-build/downloads/local/lib/gstreamer-1.0"
#define GST_LEVEL_DEFAULT GST_LEVEL_NONE
#define HAVE_AVI_H 1
#define LIBAV_SOURCE "local snapshot"
#define HAVE_LIBAV_UNINSTALLED /**/

configure: exit 0
